<?xml version="1.0" encoding="UTF-8"?>
<testsuite xmlns:xsi="http://www.w3.org/2001/XMLSchema-instance" xsi:noNamespaceSchemaLocation="https://maven.apache.org/surefire/maven-surefire-plugin/xsd/surefire-test-report-3.0.xsd" version="3.0" name="com.poc.application.poc1.ItemResourceTest" time="9.877" tests="4" errors="0" skipped="0" failures="1">
  <properties>
    <property name="sun.desktop" value="windows"/>
    <property name="awt.toolkit" value="sun.awt.windows.WToolkit"/>
    <property name="java.specification.version" value="11"/>
    <property name="sun.cpu.isalist" value="amd64"/>
    <property name="sun.jnu.encoding" value="Cp1252"/>
    <property name="java.class.path" value="C:\Users\boosures\Downloads\poc1\target\test-classes;C:\Users\boosures\Downloads\poc1\target\classes;C:\Users\boosures\.m2\repository\org\glassfish\jersey\containers\jersey-container-servlet-core\3.1.0-M3\jersey-container-servlet-core-3.1.0-M3.jar;C:\Users\boosures\.m2\repository\jakarta\inject\jakarta.inject-api\2.0.1\jakarta.inject-api-2.0.1.jar;C:\Users\boosures\.m2\repository\org\glassfish\jersey\core\jersey-common\3.1.0-M3\jersey-common-3.1.0-M3.jar;C:\Users\boosures\.m2\repository\jakarta\annotation\jakarta.annotation-api\2.0.0\jakarta.annotation-api-2.0.0.jar;C:\Users\boosures\.m2\repository\org\glassfish\hk2\osgi-resource-locator\1.0.3\osgi-resource-locator-1.0.3.jar;C:\Users\boosures\.m2\repository\org\glassfish\jersey\core\jersey-server\3.1.0-M3\jersey-server-3.1.0-M3.jar;C:\Users\boosures\.m2\repository\org\glassfish\jersey\core\jersey-client\3.1.0-M3\jersey-client-3.1.0-M3.jar;C:\Users\boosures\.m2\repository\jakarta\ws\rs\jakarta.ws.rs-api\3.1.0\jakarta.ws.rs-api-3.1.0.jar;C:\Users\boosures\.m2\repository\org\glassfish\jersey\inject\jersey-hk2\3.1.0-M3\jersey-hk2-3.1.0-M3.jar;C:\Users\boosures\.m2\repository\org\glassfish\hk2\hk2-locator\3.0.2\hk2-locator-3.0.2.jar;C:\Users\boosures\.m2\repository\org\glassfish\hk2\external\aopalliance-repackaged\3.0.2\aopalliance-repackaged-3.0.2.jar;C:\Users\boosures\.m2\repository\org\glassfish\hk2\hk2-api\3.0.2\hk2-api-3.0.2.jar;C:\Users\boosures\.m2\repository\org\glassfish\hk2\hk2-utils\3.0.2\hk2-utils-3.0.2.jar;C:\Users\boosures\.m2\repository\org\javassist\javassist\3.25.0-GA\javassist-3.25.0-GA.jar;C:\Users\boosures\.m2\repository\org\glassfish\jersey\media\jersey-media-json-binding\3.1.0-M3\jersey-media-json-binding-3.1.0-M3.jar;C:\Users\boosures\.m2\repository\jakarta\json\jakarta.json-api\2.1.0\jakarta.json-api-2.1.0.jar;C:\Users\boosures\.m2\repository\jakarta\json\bind\jakarta.json.bind-api\2.0.0\jakarta.json.bind-api-2.0.0.jar;C:\Users\boosures\.m2\repository\org\eclipse\parsson\parsson\1.0.0\parsson-1.0.0.jar;C:\Users\boosures\.m2\repository\org\eclipse\yasson\2.0.3\yasson-2.0.3.jar;C:\Users\boosures\.m2\repository\org\glassfish\jakarta.json\2.0.0\jakarta.json-2.0.0-module.jar;C:\Users\boosures\.m2\repository\org\hibernate\orm\hibernate-core\6.1.1.Final\hibernate-core-6.1.1.Final.jar;C:\Users\boosures\.m2\repository\jakarta\persistence\jakarta.persistence-api\3.0.0\jakarta.persistence-api-3.0.0.jar;C:\Users\boosures\.m2\repository\jakarta\transaction\jakarta.transaction-api\2.0.0\jakarta.transaction-api-2.0.0.jar;C:\Users\boosures\.m2\repository\org\jboss\logging\jboss-logging\3.4.3.Final\jboss-logging-3.4.3.Final.jar;C:\Users\boosures\.m2\repository\org\hibernate\common\hibernate-commons-annotations\6.0.2.Final\hibernate-commons-annotations-6.0.2.Final.jar;C:\Users\boosures\.m2\repository\org\jboss\jandex\2.4.2.Final\jandex-2.4.2.Final.jar;C:\Users\boosures\.m2\repository\com\fasterxml\classmate\1.5.1\classmate-1.5.1.jar;C:\Users\boosures\.m2\repository\net\bytebuddy\byte-buddy\1.12.9\byte-buddy-1.12.9.jar;C:\Users\boosures\.m2\repository\jakarta\xml\bind\jakarta.xml.bind-api\3.0.1\jakarta.xml.bind-api-3.0.1.jar;C:\Users\boosures\.m2\repository\com\sun\activation\jakarta.activation\2.0.1\jakarta.activation-2.0.1.jar;C:\Users\boosures\.m2\repository\org\glassfish\jaxb\jaxb-runtime\3.0.2\jaxb-runtime-3.0.2.jar;C:\Users\boosures\.m2\repository\org\glassfish\jaxb\jaxb-core\3.0.2\jaxb-core-3.0.2.jar;C:\Users\boosures\.m2\repository\org\glassfish\jaxb\txw2\3.0.2\txw2-3.0.2.jar;C:\Users\boosures\.m2\repository\com\sun\istack\istack-commons-runtime\4.0.1\istack-commons-runtime-4.0.1.jar;C:\Users\boosures\.m2\repository\org\antlr\antlr4-runtime\4.10\antlr4-runtime-4.10.jar;C:\Users\boosures\.m2\repository\org\glassfish\jersey\ext\jersey-bean-validation\3.1.0-M3\jersey-bean-validation-3.1.0-M3.jar;C:\Users\boosures\.m2\repository\jakarta\validation\jakarta.validation-api\3.0.1\jakarta.validation-api-3.0.1.jar;C:\Users\boosures\.m2\repository\org\hibernate\validator\hibernate-validator\7.0.1.Final\hibernate-validator-7.0.1.Final.jar;C:\Users\boosures\.m2\repository\jakarta\el\jakarta.el-api\4.0.0\jakarta.el-api-4.0.0.jar;C:\Users\boosures\.m2\repository\org\glassfish\jakarta.el\4.0.2\jakarta.el-4.0.2.jar;C:\Users\boosures\.m2\repository\com\fasterxml\jackson\core\jackson-databind\2.13.3\jackson-databind-2.13.3.jar;C:\Users\boosures\.m2\repository\com\fasterxml\jackson\core\jackson-annotations\2.13.3\jackson-annotations-2.13.3.jar;C:\Users\boosures\.m2\repository\com\fasterxml\jackson\core\jackson-core\2.13.3\jackson-core-2.13.3.jar;C:\Users\boosures\.m2\repository\javax\servlet\servlet-api\2.5\servlet-api-2.5.jar;C:\Users\boosures\.m2\repository\com\h2database\h2\2.1.212\h2-2.1.212.jar;C:\Users\boosures\.m2\repository\org\glassfish\jersey\test-framework\providers\jersey-test-framework-provider-jetty\3.1.0-M3\jersey-test-framework-provider-jetty-3.1.0-M3.jar;C:\Users\boosures\.m2\repository\org\glassfish\jersey\test-framework\jersey-test-framework-core\3.1.0-M3\jersey-test-framework-core-3.1.0-M3.jar;C:\Users\boosures\.m2\repository\jakarta\servlet\jakarta.servlet-api\5.0.0\jakarta.servlet-api-5.0.0.jar;C:\Users\boosures\.m2\repository\org\glassfish\jersey\media\jersey-media-jaxb\3.1.0-M3\jersey-media-jaxb-3.1.0-M3.jar;C:\Users\boosures\.m2\repository\org\glassfish\jersey\containers\jersey-container-jetty-http\3.1.0-M3\jersey-container-jetty-http-3.1.0-M3.jar;C:\Users\boosures\.m2\repository\org\eclipse\jetty\jetty-server\11.0.7\jetty-server-11.0.7.jar;C:\Users\boosures\.m2\repository\org\eclipse\jetty\jetty-http\11.0.7\jetty-http-11.0.7.jar;C:\Users\boosures\.m2\repository\org\eclipse\jetty\jetty-io\11.0.7\jetty-io-11.0.7.jar;C:\Users\boosures\.m2\repository\org\slf4j\slf4j-api\2.0.0-alpha5\slf4j-api-2.0.0-alpha5.jar;C:\Users\boosures\.m2\repository\org\eclipse\jetty\jetty-util\11.0.7\jetty-util-11.0.7.jar;C:\Users\boosures\.m2\repository\junit\junit\4.13.1\junit-4.13.1.jar;C:\Users\boosures\.m2\repository\org\hamcrest\hamcrest-core\1.3\hamcrest-core-1.3.jar;C:\Users\boosures\.m2\repository\org\junit\jupiter\junit-jupiter\5.4.0\junit-jupiter-5.4.0.jar;C:\Users\boosures\.m2\repository\org\junit\jupiter\junit-jupiter-api\5.4.0\junit-jupiter-api-5.4.0.jar;C:\Users\boosures\.m2\repository\org\apiguardian\apiguardian-api\1.0.0\apiguardian-api-1.0.0.jar;C:\Users\boosures\.m2\repository\org\opentest4j\opentest4j\1.1.1\opentest4j-1.1.1.jar;C:\Users\boosures\.m2\repository\org\junit\platform\junit-platform-commons\1.4.0\junit-platform-commons-1.4.0.jar;C:\Users\boosures\.m2\repository\org\junit\jupiter\junit-jupiter-params\5.4.0\junit-jupiter-params-5.4.0.jar;C:\Users\boosures\.m2\repository\org\junit\jupiter\junit-jupiter-engine\5.4.0\junit-jupiter-engine-5.4.0.jar;C:\Users\boosures\.m2\repository\org\junit\platform\junit-platform-engine\1.4.0\junit-platform-engine-1.4.0.jar;C:\Users\boosures\.m2\repository\io\swagger\core\v3\swagger-jaxrs2-jakarta\2.2.2\swagger-jaxrs2-jakarta-2.2.2.jar;C:\Users\boosures\.m2\repository\io\github\classgraph\classgraph\4.8.138\classgraph-4.8.138.jar;C:\Users\boosures\.m2\repository\io\swagger\core\v3\swagger-models-jakarta\2.2.2\swagger-models-jakarta-2.2.2.jar;C:\Users\boosures\.m2\repository\io\swagger\core\v3\swagger-annotations-jakarta\2.2.2\swagger-annotations-jakarta-2.2.2.jar;C:\Users\boosures\.m2\repository\io\swagger\core\v3\swagger-integration-jakarta\2.2.2\swagger-integration-jakarta-2.2.2.jar;C:\Users\boosures\.m2\repository\io\swagger\core\v3\swagger-core-jakarta\2.2.2\swagger-core-jakarta-2.2.2.jar;C:\Users\boosures\.m2\repository\org\apache\commons\commons-lang3\3.12.0\commons-lang3-3.12.0.jar;C:\Users\boosures\.m2\repository\com\fasterxml\jackson\dataformat\jackson-dataformat-yaml\2.13.3\jackson-dataformat-yaml-2.13.3.jar;C:\Users\boosures\.m2\repository\org\yaml\snakeyaml\1.30\snakeyaml-1.30.jar;C:\Users\boosures\.m2\repository\com\fasterxml\jackson\datatype\jackson-datatype-jsr310\2.13.3\jackson-datatype-jsr310-2.13.3.jar;C:\Users\boosures\.m2\repository\com\fasterxml\jackson\jakarta\rs\jackson-jakarta-rs-json-provider\2.13.3\jackson-jakarta-rs-json-provider-2.13.3.jar;C:\Users\boosures\.m2\repository\com\fasterxml\jackson\jakarta\rs\jackson-jakarta-rs-base\2.13.3\jackson-jakarta-rs-base-2.13.3.jar;C:\Users\boosures\.m2\repository\com\fasterxml\jackson\module\jackson-module-jakarta-xmlbind-annotations\2.13.3\jackson-module-jakarta-xmlbind-annotations-2.13.3.jar;C:\Users\boosures\.m2\repository\io\swagger\core\v3\swagger-jaxrs2-servlet-initializer\2.0.0\swagger-jaxrs2-servlet-initializer-2.0.0.jar;C:\Users\boosures\.m2\repository\jakarta\platform\jakarta.jakartaee-web-api\9.0.0\jakarta.jakartaee-web-api-9.0.0.jar;"/>
    <property name="java.vm.vendor" value="Eclipse Foundation"/>
    <property name="sun.arch.data.model" value="64"/>
    <property name="user.variant" value=""/>
    <property name="java.vendor.url" value="https://adoptium.net/"/>
    <property name="user.timezone" value="Asia/Calcutta"/>
    <property name="java.vm.specification.version" value="11"/>
    <property name="os.name" value="Windows 10"/>
    <property name="sun.java.launcher" value="SUN_STANDARD"/>
    <property name="user.country" value="IN"/>
    <property name="sun.boot.library.path" value="C:\Program Files\Eclipse Foundation\jdk-11.0.12.7-hotspot\bin"/>
    <property name="sun.java.command" value="C:\Users\boosures\AppData\Local\Temp\surefire2375364567480516578\surefirebooter14291085912449874475.jar C:\Users\boosures\AppData\Local\Temp\surefire2375364567480516578 2022-08-30T11-27-31_770-jvmRun1 surefire6223737267826547684tmp surefire_05039390630109646843tmp"/>
    <property name="jdk.debug" value="release"/>
    <property name="surefire.test.class.path" value="C:\Users\boosures\Downloads\poc1\target\test-classes;C:\Users\boosures\Downloads\poc1\target\classes;C:\Users\boosures\.m2\repository\org\glassfish\jersey\containers\jersey-container-servlet-core\3.1.0-M3\jersey-container-servlet-core-3.1.0-M3.jar;C:\Users\boosures\.m2\repository\jakarta\inject\jakarta.inject-api\2.0.1\jakarta.inject-api-2.0.1.jar;C:\Users\boosures\.m2\repository\org\glassfish\jersey\core\jersey-common\3.1.0-M3\jersey-common-3.1.0-M3.jar;C:\Users\boosures\.m2\repository\jakarta\annotation\jakarta.annotation-api\2.0.0\jakarta.annotation-api-2.0.0.jar;C:\Users\boosures\.m2\repository\org\glassfish\hk2\osgi-resource-locator\1.0.3\osgi-resource-locator-1.0.3.jar;C:\Users\boosures\.m2\repository\org\glassfish\jersey\core\jersey-server\3.1.0-M3\jersey-server-3.1.0-M3.jar;C:\Users\boosures\.m2\repository\org\glassfish\jersey\core\jersey-client\3.1.0-M3\jersey-client-3.1.0-M3.jar;C:\Users\boosures\.m2\repository\jakarta\ws\rs\jakarta.ws.rs-api\3.1.0\jakarta.ws.rs-api-3.1.0.jar;C:\Users\boosures\.m2\repository\org\glassfish\jersey\inject\jersey-hk2\3.1.0-M3\jersey-hk2-3.1.0-M3.jar;C:\Users\boosures\.m2\repository\org\glassfish\hk2\hk2-locator\3.0.2\hk2-locator-3.0.2.jar;C:\Users\boosures\.m2\repository\org\glassfish\hk2\external\aopalliance-repackaged\3.0.2\aopalliance-repackaged-3.0.2.jar;C:\Users\boosures\.m2\repository\org\glassfish\hk2\hk2-api\3.0.2\hk2-api-3.0.2.jar;C:\Users\boosures\.m2\repository\org\glassfish\hk2\hk2-utils\3.0.2\hk2-utils-3.0.2.jar;C:\Users\boosures\.m2\repository\org\javassist\javassist\3.25.0-GA\javassist-3.25.0-GA.jar;C:\Users\boosures\.m2\repository\org\glassfish\jersey\media\jersey-media-json-binding\3.1.0-M3\jersey-media-json-binding-3.1.0-M3.jar;C:\Users\boosures\.m2\repository\jakarta\json\jakarta.json-api\2.1.0\jakarta.json-api-2.1.0.jar;C:\Users\boosures\.m2\repository\jakarta\json\bind\jakarta.json.bind-api\2.0.0\jakarta.json.bind-api-2.0.0.jar;C:\Users\boosures\.m2\repository\org\eclipse\parsson\parsson\1.0.0\parsson-1.0.0.jar;C:\Users\boosures\.m2\repository\org\eclipse\yasson\2.0.3\yasson-2.0.3.jar;C:\Users\boosures\.m2\repository\org\glassfish\jakarta.json\2.0.0\jakarta.json-2.0.0-module.jar;C:\Users\boosures\.m2\repository\org\hibernate\orm\hibernate-core\6.1.1.Final\hibernate-core-6.1.1.Final.jar;C:\Users\boosures\.m2\repository\jakarta\persistence\jakarta.persistence-api\3.0.0\jakarta.persistence-api-3.0.0.jar;C:\Users\boosures\.m2\repository\jakarta\transaction\jakarta.transaction-api\2.0.0\jakarta.transaction-api-2.0.0.jar;C:\Users\boosures\.m2\repository\org\jboss\logging\jboss-logging\3.4.3.Final\jboss-logging-3.4.3.Final.jar;C:\Users\boosures\.m2\repository\org\hibernate\common\hibernate-commons-annotations\6.0.2.Final\hibernate-commons-annotations-6.0.2.Final.jar;C:\Users\boosures\.m2\repository\org\jboss\jandex\2.4.2.Final\jandex-2.4.2.Final.jar;C:\Users\boosures\.m2\repository\com\fasterxml\classmate\1.5.1\classmate-1.5.1.jar;C:\Users\boosures\.m2\repository\net\bytebuddy\byte-buddy\1.12.9\byte-buddy-1.12.9.jar;C:\Users\boosures\.m2\repository\jakarta\xml\bind\jakarta.xml.bind-api\3.0.1\jakarta.xml.bind-api-3.0.1.jar;C:\Users\boosures\.m2\repository\com\sun\activation\jakarta.activation\2.0.1\jakarta.activation-2.0.1.jar;C:\Users\boosures\.m2\repository\org\glassfish\jaxb\jaxb-runtime\3.0.2\jaxb-runtime-3.0.2.jar;C:\Users\boosures\.m2\repository\org\glassfish\jaxb\jaxb-core\3.0.2\jaxb-core-3.0.2.jar;C:\Users\boosures\.m2\repository\org\glassfish\jaxb\txw2\3.0.2\txw2-3.0.2.jar;C:\Users\boosures\.m2\repository\com\sun\istack\istack-commons-runtime\4.0.1\istack-commons-runtime-4.0.1.jar;C:\Users\boosures\.m2\repository\org\antlr\antlr4-runtime\4.10\antlr4-runtime-4.10.jar;C:\Users\boosures\.m2\repository\org\glassfish\jersey\ext\jersey-bean-validation\3.1.0-M3\jersey-bean-validation-3.1.0-M3.jar;C:\Users\boosures\.m2\repository\jakarta\validation\jakarta.validation-api\3.0.1\jakarta.validation-api-3.0.1.jar;C:\Users\boosures\.m2\repository\org\hibernate\validator\hibernate-validator\7.0.1.Final\hibernate-validator-7.0.1.Final.jar;C:\Users\boosures\.m2\repository\jakarta\el\jakarta.el-api\4.0.0\jakarta.el-api-4.0.0.jar;C:\Users\boosures\.m2\repository\org\glassfish\jakarta.el\4.0.2\jakarta.el-4.0.2.jar;C:\Users\boosures\.m2\repository\com\fasterxml\jackson\core\jackson-databind\2.13.3\jackson-databind-2.13.3.jar;C:\Users\boosures\.m2\repository\com\fasterxml\jackson\core\jackson-annotations\2.13.3\jackson-annotations-2.13.3.jar;C:\Users\boosures\.m2\repository\com\fasterxml\jackson\core\jackson-core\2.13.3\jackson-core-2.13.3.jar;C:\Users\boosures\.m2\repository\javax\servlet\servlet-api\2.5\servlet-api-2.5.jar;C:\Users\boosures\.m2\repository\com\h2database\h2\2.1.212\h2-2.1.212.jar;C:\Users\boosures\.m2\repository\org\glassfish\jersey\test-framework\providers\jersey-test-framework-provider-jetty\3.1.0-M3\jersey-test-framework-provider-jetty-3.1.0-M3.jar;C:\Users\boosures\.m2\repository\org\glassfish\jersey\test-framework\jersey-test-framework-core\3.1.0-M3\jersey-test-framework-core-3.1.0-M3.jar;C:\Users\boosures\.m2\repository\jakarta\servlet\jakarta.servlet-api\5.0.0\jakarta.servlet-api-5.0.0.jar;C:\Users\boosures\.m2\repository\org\glassfish\jersey\media\jersey-media-jaxb\3.1.0-M3\jersey-media-jaxb-3.1.0-M3.jar;C:\Users\boosures\.m2\repository\org\glassfish\jersey\containers\jersey-container-jetty-http\3.1.0-M3\jersey-container-jetty-http-3.1.0-M3.jar;C:\Users\boosures\.m2\repository\org\eclipse\jetty\jetty-server\11.0.7\jetty-server-11.0.7.jar;C:\Users\boosures\.m2\repository\org\eclipse\jetty\jetty-http\11.0.7\jetty-http-11.0.7.jar;C:\Users\boosures\.m2\repository\org\eclipse\jetty\jetty-io\11.0.7\jetty-io-11.0.7.jar;C:\Users\boosures\.m2\repository\org\slf4j\slf4j-api\2.0.0-alpha5\slf4j-api-2.0.0-alpha5.jar;C:\Users\boosures\.m2\repository\org\eclipse\jetty\jetty-util\11.0.7\jetty-util-11.0.7.jar;C:\Users\boosures\.m2\repository\junit\junit\4.13.1\junit-4.13.1.jar;C:\Users\boosures\.m2\repository\org\hamcrest\hamcrest-core\1.3\hamcrest-core-1.3.jar;C:\Users\boosures\.m2\repository\org\junit\jupiter\junit-jupiter\5.4.0\junit-jupiter-5.4.0.jar;C:\Users\boosures\.m2\repository\org\junit\jupiter\junit-jupiter-api\5.4.0\junit-jupiter-api-5.4.0.jar;C:\Users\boosures\.m2\repository\org\apiguardian\apiguardian-api\1.0.0\apiguardian-api-1.0.0.jar;C:\Users\boosures\.m2\repository\org\opentest4j\opentest4j\1.1.1\opentest4j-1.1.1.jar;C:\Users\boosures\.m2\repository\org\junit\platform\junit-platform-commons\1.4.0\junit-platform-commons-1.4.0.jar;C:\Users\boosures\.m2\repository\org\junit\jupiter\junit-jupiter-params\5.4.0\junit-jupiter-params-5.4.0.jar;C:\Users\boosures\.m2\repository\org\junit\jupiter\junit-jupiter-engine\5.4.0\junit-jupiter-engine-5.4.0.jar;C:\Users\boosures\.m2\repository\org\junit\platform\junit-platform-engine\1.4.0\junit-platform-engine-1.4.0.jar;C:\Users\boosures\.m2\repository\io\swagger\core\v3\swagger-jaxrs2-jakarta\2.2.2\swagger-jaxrs2-jakarta-2.2.2.jar;C:\Users\boosures\.m2\repository\io\github\classgraph\classgraph\4.8.138\classgraph-4.8.138.jar;C:\Users\boosures\.m2\repository\io\swagger\core\v3\swagger-models-jakarta\2.2.2\swagger-models-jakarta-2.2.2.jar;C:\Users\boosures\.m2\repository\io\swagger\core\v3\swagger-annotations-jakarta\2.2.2\swagger-annotations-jakarta-2.2.2.jar;C:\Users\boosures\.m2\repository\io\swagger\core\v3\swagger-integration-jakarta\2.2.2\swagger-integration-jakarta-2.2.2.jar;C:\Users\boosures\.m2\repository\io\swagger\core\v3\swagger-core-jakarta\2.2.2\swagger-core-jakarta-2.2.2.jar;C:\Users\boosures\.m2\repository\org\apache\commons\commons-lang3\3.12.0\commons-lang3-3.12.0.jar;C:\Users\boosures\.m2\repository\com\fasterxml\jackson\dataformat\jackson-dataformat-yaml\2.13.3\jackson-dataformat-yaml-2.13.3.jar;C:\Users\boosures\.m2\repository\org\yaml\snakeyaml\1.30\snakeyaml-1.30.jar;C:\Users\boosures\.m2\repository\com\fasterxml\jackson\datatype\jackson-datatype-jsr310\2.13.3\jackson-datatype-jsr310-2.13.3.jar;C:\Users\boosures\.m2\repository\com\fasterxml\jackson\jakarta\rs\jackson-jakarta-rs-json-provider\2.13.3\jackson-jakarta-rs-json-provider-2.13.3.jar;C:\Users\boosures\.m2\repository\com\fasterxml\jackson\jakarta\rs\jackson-jakarta-rs-base\2.13.3\jackson-jakarta-rs-base-2.13.3.jar;C:\Users\boosures\.m2\repository\com\fasterxml\jackson\module\jackson-module-jakarta-xmlbind-annotations\2.13.3\jackson-module-jakarta-xmlbind-annotations-2.13.3.jar;C:\Users\boosures\.m2\repository\io\swagger\core\v3\swagger-jaxrs2-servlet-initializer\2.0.0\swagger-jaxrs2-servlet-initializer-2.0.0.jar;C:\Users\boosures\.m2\repository\jakarta\platform\jakarta.jakartaee-web-api\9.0.0\jakarta.jakartaee-web-api-9.0.0.jar;"/>
    <property name="sun.cpu.endian" value="little"/>
    <property name="user.home" value="C:\Users\boosures"/>
    <property name="user.language" value="en"/>
    <property name="java.specification.vendor" value="Oracle Corporation"/>
    <property name="java.version.date" value="2021-07-20"/>
    <property name="java.home" value="C:\Program Files\Eclipse Foundation\jdk-11.0.12.7-hotspot"/>
    <property name="file.separator" value="\"/>
    <property name="basedir" value="C:\Users\boosures\Downloads\poc1"/>
    <property name="java.vm.compressedOopsMode" value="Zero based"/>
    <property name="line.separator" value="&#10;"/>
    <property name="java.specification.name" value="Java Platform API Specification"/>
    <property name="java.vm.specification.vendor" value="Oracle Corporation"/>
    <property name="java.awt.graphicsenv" value="sun.awt.Win32GraphicsEnvironment"/>
    <property name="surefire.real.class.path" value="C:\Users\boosures\AppData\Local\Temp\surefire2375364567480516578\surefirebooter14291085912449874475.jar"/>
    <property name="user.script" value=""/>
    <property name="sun.management.compiler" value="HotSpot 64-Bit Tiered Compilers"/>
    <property name="java.runtime.version" value="11.0.12+7"/>
    <property name="user.name" value="boosures"/>
    <property name="path.separator" value=";"/>
    <property name="os.version" value="10.0"/>
    <property name="java.runtime.name" value="OpenJDK Runtime Environment"/>
    <property name="file.encoding" value="Cp1252"/>
    <property name="java.vm.name" value="OpenJDK 64-Bit Server VM"/>
    <property name="java.vendor.version" value="Temurin-11.0.12+7"/>
    <property name="localRepository" value="C:\Users\boosures\.m2\repository"/>
    <property name="java.vendor.url.bug" value="https://github.com/adoptium/adoptium-support/issues"/>
    <property name="java.io.tmpdir" value="C:\Users\boosures\AppData\Local\Temp\"/>
    <property name="java.version" value="11.0.12"/>
    <property name="user.dir" value="C:\Users\boosures\Downloads\poc1"/>
    <property name="os.arch" value="amd64"/>
    <property name="java.vm.specification.name" value="Java Virtual Machine Specification"/>
    <property name="java.awt.printerjob" value="sun.awt.windows.WPrinterJob"/>
    <property name="sun.os.patch.level" value=""/>
    <property name="java.library.path" value="C:\Program Files\Eclipse Foundation\jdk-11.0.12.7-hotspot\bin;C:\WINDOWS\Sun\Java\bin;C:\WINDOWS\system32;C:\WINDOWS;C:/Users/boosures/.p2/pool/plugins/org.eclipse.justj.openjdk.hotspot.jre.full.win32.x86_64_17.0.2.v20220201-1208/jre/bin/server;C:/Users/boosures/.p2/pool/plugins/org.eclipse.justj.openjdk.hotspot.jre.full.win32.x86_64_17.0.2.v20220201-1208/jre/bin;C:\oraclexe\app\oracle\product\11.2.0\server\bin;;C:\Program Files\Eclipse Foundation\jdk-11.0.12.7-hotspot\bin;C:\WINDOWS\system32;C:\WINDOWS;C:\WINDOWS\System32\Wbem;C:\WINDOWS\System32\WindowsPowerShell\v1.0\;C:\WINDOWS\System32\OpenSSH\;C:\Users\boosures\AppData\Local\Microsoft\WindowsApps;C:\Users\boosures\AppData\Local\Programs\Git\cmd;C:\Users\boosures\OneDrive - Capgemini\OneDrive\OneDrive - Capgemini\Desktop;;."/>
    <property name="java.vm.info" value="mixed mode"/>
    <property name="java.vendor" value="Eclipse Foundation"/>
    <property name="java.vm.version" value="11.0.12+7"/>
    <property name="sun.io.unicode.encoding" value="UnicodeLittle"/>
    <property name="java.class.version" value="55.0"/>
  </properties>
  <testcase name="testGet" classname="com.poc.application.poc1.ItemResourceTest" time="7.96"/>
  <testcase name="testCreate" classname="com.poc.application.poc1.ItemResourceTest" time="1.118"/>
  <testcase name="testDelete" classname="com.poc.application.poc1.ItemResourceTest" time="0.382"/>
  <testcase name="testUpdate" classname="com.poc.application.poc1.ItemResourceTest" time="0.35">
    <failure message="Should return status 204 expected:&lt;204&gt; but was:&lt;201&gt;" type="java.lang.AssertionError"><![CDATA[java.lang.AssertionError: Should return status 204 expected:<204> but was:<201>
	at com.poc.application.poc1.ItemResourceTest.testUpdate(ItemResourceTest.java:49)
]]></failure>
    <system-out><![CDATA[Hibernate: 
    select
        i1_0.item_id,
        i1_0.description,
        i1_0.name,
        i1_0.price 
    from
        Item_Detail i1_0 
    where
        i1_0.item_id=?
Hibernate: 
    insert 
    into
        Item_Detail
        (description, name, price, item_id) 
    values
        (?, ?, ?, ?)
]]></system-out>
    <system-err><![CDATA[Aug 30, 2022 11:27:43 AM org.glassfish.jersey.test.jetty.JettyTestContainerFactory$JettyTestContainer <init>
INFO: Creating JettyTestContainer configured at the base URI http://localhost:9998/
Aug 30, 2022 11:27:43 AM org.hibernate.jpa.internal.util.LogHelper logPersistenceUnitInformation
INFO: HHH000204: Processing PersistenceUnitInfo [name: JPAConfig]
Aug 30, 2022 11:27:43 AM org.hibernate.resource.beans.spi.ManagedBeanRegistryInitiator resolveBeanContainer
INFO: HHH10005002: No explicit CDI BeanManager reference was passed to Hibernate, but CDI is available on the Hibernate ClassLoader.
Aug 30, 2022 11:27:43 AM org.hibernate.engine.jdbc.connections.internal.DriverManagerConnectionProviderImpl configure
WARN: HHH10001002: Using built-in connection pool (not intended for production use)
Aug 30, 2022 11:27:43 AM org.hibernate.engine.jdbc.connections.internal.DriverManagerConnectionProviderImpl buildCreator
INFO: HHH10001005: Loaded JDBC driver class: org.h2.Driver
Aug 30, 2022 11:27:43 AM org.hibernate.engine.jdbc.connections.internal.DriverManagerConnectionProviderImpl buildCreator
INFO: HHH10001012: Connecting with JDBC URL [jdbc:h2:mem:/poc1]
Aug 30, 2022 11:27:43 AM org.hibernate.engine.jdbc.connections.internal.DriverManagerConnectionProviderImpl buildCreator
INFO: HHH10001001: Connection properties: {password=****, user=sa}
Aug 30, 2022 11:27:43 AM org.hibernate.engine.jdbc.connections.internal.DriverManagerConnectionProviderImpl buildCreator
INFO: HHH10001003: Autocommit mode: false
Aug 30, 2022 11:27:43 AM org.hibernate.engine.jdbc.connections.internal.DriverManagerConnectionProviderImpl$PooledConnections <init>
INFO: HHH10001115: Connection pool size: 20 (min=1)
Aug 30, 2022 11:27:43 AM org.hibernate.engine.jdbc.dialect.internal.DialectFactoryImpl logSelectedDialect
INFO: HHH000400: Using dialect: org.hibernate.dialect.H2Dialect
Aug 30, 2022 11:27:43 AM org.hibernate.resource.transaction.backend.jdbc.internal.DdlTransactionIsolatorNonJtaImpl getIsolatedConnection
INFO: HHH10001501: Connection obtained from JdbcConnectionAccess [org.hibernate.engine.jdbc.env.internal.JdbcEnvironmentInitiator$ConnectionProviderJdbcConnectionAccess@70563770] for (non-JTA) DDL execution was not in auto-commit mode; the Connection 'local transaction' will be committed and the Connection will be set into auto-commit mode.
Aug 30, 2022 11:27:43 AM org.hibernate.engine.transaction.jta.platform.internal.JtaPlatformInitiator initiateService
INFO: HHH000490: Using JtaPlatform implementation: [org.hibernate.engine.transaction.jta.platform.internal.NoJtaPlatform]
]]></system-err>
  </testcase>
</testsuite>